<?xml version="1.0" encoding="UTF-8"?>
<testng-results ignored="0" total="9" passed="9" failed="0" skipped="0">
  <reporter-output>
  </reporter-output>
  <suite started-at="2023-06-05T18:57:09 EEST" name="Default suite" finished-at="2023-06-05T18:57:09 EEST" duration-ms="612">
    <groups>
    </groups>
    <test started-at="2023-06-05T18:57:09 EEST" name="Default test" finished-at="2023-06-05T18:57:09 EEST" duration-ms="612">
      <class name="tasks_tests.CreateMatrixTask555Test">
        <test-method is-config="true" signature="setUpBeforeClass()[pri:0, instance:tasks_tests.CreateMatrixTask555Test@53976f5c]" started-at="2023-06-05T18:57:09 EEST" name="setUpBeforeClass" finished-at="2023-06-05T18:57:09 EEST" duration-ms="33" status="PASS">
          <reporter-output>
          </reporter-output>
        </test-method> <!-- setUpBeforeClass -->
        <test-method signature="matrixPascalNegative()[pri:0, instance:tasks_tests.CreateMatrixTask555Test@53976f5c]" started-at="2023-06-05T18:57:09 EEST" name="matrixPascalNegative" finished-at="2023-06-05T18:57:09 EEST" duration-ms="27" status="PASS">
          <exception class="java.lang.IllegalArgumentException">
            <message>
              <![CDATA[Invalid argument]]>
            </message>
            <full-stacktrace>
              <![CDATA[java.lang.IllegalArgumentException: Invalid argument
at task555.CreateMatrix.matrix(CreateMatrix.java:6)
at tasks_tests.CreateMatrixTask555Test.matrixPascalNegative(CreateMatrixTask555Test.java:49)
at java.base/jdk.internal.reflect.NativeMethodAccessorImpl.invoke0(Native Method)
at java.base/jdk.internal.reflect.NativeMethodAccessorImpl.invoke(NativeMethodAccessorImpl.java:78)
at java.base/jdk.internal.reflect.DelegatingMethodAccessorImpl.invoke(DelegatingMethodAccessorImpl.java:43)
at java.base/java.lang.reflect.Method.invoke(Method.java:567)
at org.testng.internal.MethodInvocationHelper.invokeMethod(MethodInvocationHelper.java:133)
at org.testng.internal.TestInvoker.invokeMethod(TestInvoker.java:598)
at org.testng.internal.TestInvoker.invokeTestMethod(TestInvoker.java:173)
at org.testng.internal.MethodRunner.runInSequence(MethodRunner.java:46)
at org.testng.internal.TestInvoker$MethodInvocationAgent.invoke(TestInvoker.java:824)
at org.testng.internal.TestInvoker.invokeTestMethods(TestInvoker.java:146)
at org.testng.internal.TestMethodWorker.invokeTestMethods(TestMethodWorker.java:146)
at org.testng.internal.TestMethodWorker.run(TestMethodWorker.java:128)
at java.base/java.util.ArrayList.forEach(ArrayList.java:1511)
at org.testng.TestRunner.privateRun(TestRunner.java:794)
at org.testng.TestRunner.run(TestRunner.java:596)
at org.testng.SuiteRunner.runTest(SuiteRunner.java:377)
at org.testng.SuiteRunner.runSequentially(SuiteRunner.java:371)
at org.testng.SuiteRunner.privateRun(SuiteRunner.java:332)
at org.testng.SuiteRunner.run(SuiteRunner.java:276)
at org.testng.SuiteRunnerWorker.runSuite(SuiteRunnerWorker.java:53)
at org.testng.SuiteRunnerWorker.run(SuiteRunnerWorker.java:96)
at org.testng.TestNG.runSuitesSequentially(TestNG.java:1212)
at org.testng.TestNG.runSuitesLocally(TestNG.java:1134)
at org.testng.TestNG.runSuites(TestNG.java:1063)
at org.testng.TestNG.run(TestNG.java:1031)
at org.testng.remote.AbstractRemoteTestNG.run(AbstractRemoteTestNG.java:115)
at org.testng.remote.RemoteTestNG.initAndRun(RemoteTestNG.java:251)
at org.testng.remote.RemoteTestNG.main(RemoteTestNG.java:77)
]]>
            </full-stacktrace>
          </exception> <!-- java.lang.IllegalArgumentException -->
          <reporter-output>
          </reporter-output>
        </test-method> <!-- matrixPascalNegative -->
        <test-method signature="matrixPascalOne()[pri:0, instance:tasks_tests.CreateMatrixTask555Test@53976f5c]" started-at="2023-06-05T18:57:09 EEST" name="matrixPascalOne" finished-at="2023-06-05T18:57:09 EEST" duration-ms="66" status="PASS">
          <reporter-output>
          </reporter-output>
        </test-method> <!-- matrixPascalOne -->
        <test-method signature="matrixPascalZero()[pri:0, instance:tasks_tests.CreateMatrixTask555Test@53976f5c]" started-at="2023-06-05T18:57:09 EEST" name="matrixPascalZero" finished-at="2023-06-05T18:57:09 EEST" duration-ms="13" status="PASS">
          <exception class="java.lang.IllegalArgumentException">
            <message>
              <![CDATA[Invalid argument]]>
            </message>
            <full-stacktrace>
              <![CDATA[java.lang.IllegalArgumentException: Invalid argument
at task555.CreateMatrix.matrix(CreateMatrix.java:6)
at tasks_tests.CreateMatrixTask555Test.matrixPascalZero(CreateMatrixTask555Test.java:36)
at java.base/jdk.internal.reflect.NativeMethodAccessorImpl.invoke0(Native Method)
at java.base/jdk.internal.reflect.NativeMethodAccessorImpl.invoke(NativeMethodAccessorImpl.java:78)
at java.base/jdk.internal.reflect.DelegatingMethodAccessorImpl.invoke(DelegatingMethodAccessorImpl.java:43)
at java.base/java.lang.reflect.Method.invoke(Method.java:567)
at org.testng.internal.MethodInvocationHelper.invokeMethod(MethodInvocationHelper.java:133)
at org.testng.internal.TestInvoker.invokeMethod(TestInvoker.java:598)
at org.testng.internal.TestInvoker.invokeTestMethod(TestInvoker.java:173)
at org.testng.internal.MethodRunner.runInSequence(MethodRunner.java:46)
at org.testng.internal.TestInvoker$MethodInvocationAgent.invoke(TestInvoker.java:824)
at org.testng.internal.TestInvoker.invokeTestMethods(TestInvoker.java:146)
at org.testng.internal.TestMethodWorker.invokeTestMethods(TestMethodWorker.java:146)
at org.testng.internal.TestMethodWorker.run(TestMethodWorker.java:128)
at java.base/java.util.ArrayList.forEach(ArrayList.java:1511)
at org.testng.TestRunner.privateRun(TestRunner.java:794)
at org.testng.TestRunner.run(TestRunner.java:596)
at org.testng.SuiteRunner.runTest(SuiteRunner.java:377)
at org.testng.SuiteRunner.runSequentially(SuiteRunner.java:371)
at org.testng.SuiteRunner.privateRun(SuiteRunner.java:332)
at org.testng.SuiteRunner.run(SuiteRunner.java:276)
at org.testng.SuiteRunnerWorker.runSuite(SuiteRunnerWorker.java:53)
at org.testng.SuiteRunnerWorker.run(SuiteRunnerWorker.java:96)
at org.testng.TestNG.runSuitesSequentially(TestNG.java:1212)
at org.testng.TestNG.runSuitesLocally(TestNG.java:1134)
at org.testng.TestNG.runSuites(TestNG.java:1063)
at org.testng.TestNG.run(TestNG.java:1031)
at org.testng.remote.AbstractRemoteTestNG.run(AbstractRemoteTestNG.java:115)
at org.testng.remote.RemoteTestNG.initAndRun(RemoteTestNG.java:251)
at org.testng.remote.RemoteTestNG.main(RemoteTestNG.java:77)
]]>
            </full-stacktrace>
          </exception> <!-- java.lang.IllegalArgumentException -->
          <reporter-output>
          </reporter-output>
        </test-method> <!-- matrixPascalZero -->
        <test-method signature="matrixPascal_6(int,[I)[pri:0, instance:tasks_tests.CreateMatrixTask555Test@53976f5c]" started-at="2023-06-05T18:57:09 EEST" name="matrixPascal_6" data-provider="matrixDataProvider" finished-at="2023-06-05T18:57:09 EEST" duration-ms="13" status="PASS">
          <params>
            <param index="0">
              <value>
                <![CDATA[1]]>
              </value>
            </param>
            <param index="1">
              <value>
                <![CDATA[[I@5386659f]]>
              </value>
            </param>
          </params>
          <reporter-output>
          </reporter-output>
        </test-method> <!-- matrixPascal_6 -->
        <test-method signature="matrixPascal_6(int,[I)[pri:0, instance:tasks_tests.CreateMatrixTask555Test@53976f5c]" started-at="2023-06-05T18:57:09 EEST" name="matrixPascal_6" data-provider="matrixDataProvider" finished-at="2023-06-05T18:57:09 EEST" duration-ms="21" status="PASS">
          <params>
            <param index="0">
              <value>
                <![CDATA[2]]>
              </value>
            </param>
            <param index="1">
              <value>
                <![CDATA[[I@353352b6]]>
              </value>
            </param>
          </params>
          <reporter-output>
          </reporter-output>
        </test-method> <!-- matrixPascal_6 -->
        <test-method signature="matrixPascal_6(int,[I)[pri:0, instance:tasks_tests.CreateMatrixTask555Test@53976f5c]" started-at="2023-06-05T18:57:09 EEST" name="matrixPascal_6" data-provider="matrixDataProvider" finished-at="2023-06-05T18:57:09 EEST" duration-ms="17" status="PASS">
          <params>
            <param index="0">
              <value>
                <![CDATA[3]]>
              </value>
            </param>
            <param index="1">
              <value>
                <![CDATA[[I@710c2b53]]>
              </value>
            </param>
          </params>
          <reporter-output>
          </reporter-output>
        </test-method> <!-- matrixPascal_6 -->
        <test-method signature="matrixPascal_6(int,[I)[pri:0, instance:tasks_tests.CreateMatrixTask555Test@53976f5c]" started-at="2023-06-05T18:57:09 EEST" name="matrixPascal_6" data-provider="matrixDataProvider" finished-at="2023-06-05T18:57:09 EEST" duration-ms="19" status="PASS">
          <params>
            <param index="0">
              <value>
                <![CDATA[4]]>
              </value>
            </param>
            <param index="1">
              <value>
                <![CDATA[[I@2767e23c]]>
              </value>
            </param>
          </params>
          <reporter-output>
          </reporter-output>
        </test-method> <!-- matrixPascal_6 -->
        <test-method signature="matrixPascal_6(int,[I)[pri:0, instance:tasks_tests.CreateMatrixTask555Test@53976f5c]" started-at="2023-06-05T18:57:09 EEST" name="matrixPascal_6" data-provider="matrixDataProvider" finished-at="2023-06-05T18:57:09 EEST" duration-ms="17" status="PASS">
          <params>
            <param index="0">
              <value>
                <![CDATA[5]]>
              </value>
            </param>
            <param index="1">
              <value>
                <![CDATA[[I@48bb62]]>
              </value>
            </param>
          </params>
          <reporter-output>
          </reporter-output>
        </test-method> <!-- matrixPascal_6 -->
        <test-method signature="matrixPascal_6(int,[I)[pri:0, instance:tasks_tests.CreateMatrixTask555Test@53976f5c]" started-at="2023-06-05T18:57:09 EEST" name="matrixPascal_6" data-provider="matrixDataProvider" finished-at="2023-06-05T18:57:09 EEST" duration-ms="18" status="PASS">
          <params>
            <param index="0">
              <value>
                <![CDATA[6]]>
              </value>
            </param>
            <param index="1">
              <value>
                <![CDATA[[I@4681c175]]>
              </value>
            </param>
          </params>
          <reporter-output>
          </reporter-output>
        </test-method> <!-- matrixPascal_6 -->
      </class> <!-- tasks_tests.CreateMatrixTask555Test -->
    </test> <!-- Default test -->
  </suite> <!-- Default suite -->
</testng-results>
